
╔══════════════════════════════════════════════════════════════╗
║        alloemmanuals.com — Daily Metrics Report             ║
╚══════════════════════════════════════════════════════════════╝

  Date: 2026-05-12
  Domain age: ~5 days (launched ~2026-05-07)

=== GA4 OVERVIEW ===

  Total sessions:      176 (+700.0%)
  Organic sessions:    11 (+266.7%)
  Active users:        170
  New users:           166
  Page views:          25
  Avg engagement:      81s
  Bounce rate:         99.4%

=== CHANNELS ===

  Direct                  157 sessions
  Unassigned               22 sessions
  Organic Search           11 sessions
  Referral                  3 sessions

=== TOP PAGES ===

    7 views  /wiring
    4 views  /
    2 views  /repair/2013/chevrolet/cruze/engine-air-filter-replacement
    2 views  /diagnose
    2 views  /auth
    1 views  /repair/2013/chevrolet/cruze
    1 views  /maintenance/2019/lexus/rx/coolant-type
    1 views  /maintenance/2019/lexus/rx
    1 views  /repair/2024/jaguar/xf/brake-rotor-replacement
    1 views  /tools/ford-fusion-transmission-fluid-type

=== TOP EVENTS ===

  session_start              173
  first_visit                166
  scroll                     151
  wiring_diagram_interact     74
  time_on_page                61
  scroll_depth                35
  page_view                   25
  time_on_page_exit           19
  entry_route_click           15
  wiring_diagram_open         15
  wiring_diagram_exit         14
  wiring_system_toggle        14
  user_engagement              9
  page_view_custom             5
  form_start                   4

=== TOP COUNTRIES ===

  Singapore          138 users
  United States       12 users
  Canada               3 users
  Vietnam              3 users
  Ireland              2 users
  Australia            1 users
  Bangladesh           1 users
  Brazil               1 users
  Germany              1 users
  India                1 users

=== GSC SEARCH PERFORMANCE ===

  No GSC data yet (common for new domains).


=== TOP QUERIES (GSC) ===

  No query data yet.


=== TOP PAGES (GSC) ===

  No page data yet.


✅ Saved to /home/lyndon/projects/spotonauto.com/scripts/seo-reports/daily-metrics-master.csv
✅ Saved to /home/lyndon/projects/spotonauto.com/scripts/seo-reports/daily-metrics-2026-05-12.json

══════════════════════════════════════════════════════════════
Done.


╔══════════════════════════════════════════════════════════════╗
║        alloemmanuals.com — Daily Metrics Report             ║
╚══════════════════════════════════════════════════════════════╝

  Date: 2026-05-13
  Domain age: ~5 days (launched ~2026-05-07)

=== GA4 OVERVIEW ===

  Total sessions:      222 (+14.4%)
  Organic sessions:    23 (+64.3%)
  Active users:        215
  New users:           207
  Page views:          130
  Avg engagement:      148s
  Bounce rate:         96.8%

=== CHANNELS ===

  Direct                  165 sessions
  Unassigned               52 sessions
  Organic Search           23 sessions
  Referral                  9 sessions

=== TOP PAGES ===

   12 views  /
    7 views  /guides
    4 views  /diagnose
    4 views  /wiring
    3 views  /repair/2020/kia/forte/headlight-bulb-replacement
    3 views  /repair/2020/toyota/4runner/headlight-bulb-replacement
    3 views  /repair/2020/toyota/4runner
    2 views  /repair/2006/ford/focus
    2 views  /repair/2011/kia/rio
    2 views  /repair/2020/land-rover/discovery-sport

=== TOP EVENTS ===

  session_start              216
  first_visit                207
  scroll                     149
  time_on_page               142
  page_view                  130
  scroll_depth                87
  time_on_page_exit           56
  entry_route_click           37
  user_engagement             28
  vehicle_hub_enter           28
  repair_guide_open           19
  repair_page_view            19
  form_start                   9
  form_submit                  9
  page_view_custom             9

=== TOP COUNTRIES ===

  Singapore          138 users
  United States       30 users
  Canada               5 users
  Vietnam              4 users
                       3 users
  Brazil               3 users
  China                3 users
  Algeria              2 users
  Japan                2 users
  Poland               2 users

=== GSC SEARCH PERFORMANCE ===

  No GSC data yet (common for new domains).


=== TOP QUERIES (GSC) ===

  No query data yet.


=== TOP PAGES (GSC) ===

  No page data yet.


✅ Saved to /home/lyndon/projects/spotonauto.com/scripts/seo-reports/daily-metrics-master.csv
✅ Saved to /home/lyndon/projects/spotonauto.com/scripts/seo-reports/daily-metrics-2026-05-13.json

══════════════════════════════════════════════════════════════
Done.


╔══════════════════════════════════════════════════════════════╗
║        alloemmanuals.com — Daily Metrics Report             ║
╚══════════════════════════════════════════════════════════════╝

  Date: 2026-05-14
  Domain age: ~5 days (launched ~2026-05-07)

=== GA4 OVERVIEW ===

  Total sessions:      41 (-83.1%)
  Organic sessions:    1 (-96.8%)
  Active users:        38
  New users:           35
  Page views:          4
  Avg engagement:      7s
  Bounce rate:         100.0%

=== CHANNELS ===

  Direct                   34 sessions
  Unassigned                5 sessions
  Organic Search            1 sessions
  Referral                  1 sessions

=== TOP PAGES ===

    1 views  /repair/2004/audi/a6
    1 views  /repair/2012/kia/optima
    1 views  /repair/2018/ford/explorer/headlight-bulb-replacement
    1 views  /repair/2018/ford/explorer

=== TOP EVENTS ===

  session_start               40
  first_visit                 35
  scroll                      30
  scroll_depth                 9
  time_on_page_exit            7
  time_on_page                 6
  page_view                    4
  repair_guide_open            4
  repair_page_view             4
  vehicle_hub_enter            3
  page_view_custom             2
  entry_route_click            1
  user_engagement              1

=== TOP COUNTRIES ===

  Singapore           31 users
  Canada               1 users
  Georgia              1 users
  Libya                1 users
  Mexico               1 users
  Togo                 1 users
  United Arab Emirates   1 users
  Vietnam              1 users

=== GSC SEARCH PERFORMANCE ===

  No GSC data yet (common for new domains).


=== TOP QUERIES (GSC) ===

  No query data yet.


=== TOP PAGES (GSC) ===

  No page data yet.


✅ Saved to /home/lyndon/projects/spotonauto.com/scripts/seo-reports/daily-metrics-master.csv
✅ Saved to /home/lyndon/projects/spotonauto.com/scripts/seo-reports/daily-metrics-2026-05-14.json

══════════════════════════════════════════════════════════════
Done.


╔══════════════════════════════════════════════════════════════╗
║        alloemmanuals.com — Daily Metrics Report             ║
╚══════════════════════════════════════════════════════════════╝

  Date: 2026-05-15
  Domain age: ~5 days (launched ~2026-05-07)

=== GA4 OVERVIEW ===

  No GA4 data yet.


=== CHANNELS ===

  No channel data.


=== TOP PAGES ===

  No page data.


=== TOP EVENTS ===

  No events.


=== TOP COUNTRIES ===

  No geo data.


=== GSC SEARCH PERFORMANCE ===

  No GSC data yet (common for new domains).


=== TOP QUERIES (GSC) ===

  No query data yet.


=== TOP PAGES (GSC) ===

  No page data yet.


✅ Saved to /home/lyndon/projects/spotonauto.com/scripts/seo-reports/daily-metrics-master.csv
✅ Saved to /home/lyndon/projects/spotonauto.com/scripts/seo-reports/daily-metrics-2026-05-15.json

══════════════════════════════════════════════════════════════
Done.


╔══════════════════════════════════════════════════════════════╗
║        alloemmanuals.com — Daily Metrics Report             ║
╚══════════════════════════════════════════════════════════════╝

  Date: 2026-05-16
  Domain age: ~5 days (launched ~2026-05-07)

=== GA4 OVERVIEW ===

  No GA4 data yet.


=== CHANNELS ===

  No channel data.


=== TOP PAGES ===

  No page data.


=== TOP EVENTS ===

  No events.


=== TOP COUNTRIES ===

  No geo data.


=== GSC SEARCH PERFORMANCE ===

  No GSC data yet (common for new domains).


=== TOP QUERIES (GSC) ===

  No query data yet.


=== TOP PAGES (GSC) ===

  No page data yet.


✅ Saved to /home/lyndon/projects/spotonauto.com/scripts/seo-reports/daily-metrics-master.csv
✅ Saved to /home/lyndon/projects/spotonauto.com/scripts/seo-reports/daily-metrics-2026-05-16.json

══════════════════════════════════════════════════════════════
Done.


╔══════════════════════════════════════════════════════════════╗
║        alloemmanuals.com — Daily Metrics Report             ║
╚══════════════════════════════════════════════════════════════╝

  Date: 2026-05-17
  Domain age: ~5 days (launched ~2026-05-07)

=== GA4 OVERVIEW ===

  No GA4 data yet.


=== CHANNELS ===

  No channel data.


=== TOP PAGES ===

  No page data.


=== TOP EVENTS ===

  No events.


=== TOP COUNTRIES ===

  No geo data.


=== GSC SEARCH PERFORMANCE ===

  No GSC data yet (common for new domains).


=== TOP QUERIES (GSC) ===

  No query data yet.


=== TOP PAGES (GSC) ===

  No page data yet.


✅ Saved to /home/lyndon/projects/spotonauto.com/scripts/seo-reports/daily-metrics-master.csv
✅ Saved to /home/lyndon/projects/spotonauto.com/scripts/seo-reports/daily-metrics-2026-05-17.json

══════════════════════════════════════════════════════════════
Done.


╔══════════════════════════════════════════════════════════════╗
║        alloemmanuals.com — Daily Metrics Report             ║
╚══════════════════════════════════════════════════════════════╝

  Date: 2026-05-18
  Domain age: ~5 days (launched ~2026-05-07)

=== GA4 OVERVIEW ===

  No GA4 data yet.


=== CHANNELS ===

  No channel data.


=== TOP PAGES ===

  No page data.


=== TOP EVENTS ===

  No events.


=== TOP COUNTRIES ===

  No geo data.


=== GSC SEARCH PERFORMANCE ===

  No GSC data yet (common for new domains).


=== TOP QUERIES (GSC) ===

  No query data yet.


=== TOP PAGES (GSC) ===

  No page data yet.


✅ Saved to /home/lyndon/projects/spotonauto.com/scripts/seo-reports/daily-metrics-master.csv
✅ Saved to /home/lyndon/projects/spotonauto.com/scripts/seo-reports/daily-metrics-2026-05-18.json

══════════════════════════════════════════════════════════════
Done.


╔══════════════════════════════════════════════════════════════╗
║        alloemmanuals.com — Daily Metrics Report             ║
╚══════════════════════════════════════════════════════════════╝

  Date: 2026-05-19
  Domain age: ~5 days (launched ~2026-05-07)

Error: invalid_grant: Invalid grant: account not found

╔══════════════════════════════════════════════════════════════╗
║        alloemmanuals.com — Daily Metrics Report             ║
╚══════════════════════════════════════════════════════════════╝

  Date: 2026-05-27
  Domain age: ~5 days (launched ~2026-05-07)

=== GA4 OVERVIEW ===

  Total sessions:      19,698 (+64.4%)
  Organic sessions:    48 (+33.3%)
  Active users:        19,836
  New users:           19,736
  Page views:          109
  Avg engagement:      2s
  Bounce rate:         100.0%

=== CHANNELS ===

  Direct               19,628 sessions
  Unassigned               74 sessions
  Organic Search           51 sessions
  Referral                  5 sessions

=== TOP PAGES ===

   10 views  /diagnose
    8 views  /repair
    7 views  /maintenance
    6 views  /
    6 views  /wiring
    4 views  /repair/1999/lexus/es/engine-air-filter-replacement
    3 views  /repair/1999/lexus/es
    3 views  /tools/nissan-titan-fluid-capacity
    3 views  /symptoms
    2 views  /repair/1990/volvo/740-turbo-4d-wagon-2.3-82-automatic-aw71/coolant-flush

=== TOP EVENTS ===

  session_start             19,753
  first_visit               19,736
  scroll                    19,679
  time_on_page               136
  page_view                  109
  scroll_depth                74
  time_on_page_exit           52
  track_impression            28
  page_view_custom            20
  entry_route_click           19
  user_engagement             17
  wiring_diagram_search       15
  vehicle_hub_enter           14
  repair_guide_open           13
  repair_page_view            13

=== TOP COUNTRIES ===

  Vietnam            3,773 users
  Singapore          2,358 users
  United States      1,850 users
  Indonesia          1,729 users
  Hong Kong          1,724 users
  Brazil             964 users
  Japan              852 users
  Germany            764 users
  India              729 users
  Philippines        495 users

=== GSC SEARCH PERFORMANCE ===

  No GSC data yet (common for new domains).


=== TOP QUERIES (GSC) ===

  No query data yet.


=== TOP PAGES (GSC) ===

  No page data yet.


✅ Saved to /home/lyndon/projects/spotonauto.com/scripts/seo-reports/daily-metrics-master.csv
✅ Saved to /home/lyndon/projects/spotonauto.com/scripts/seo-reports/daily-metrics-2026-05-27.json

══════════════════════════════════════════════════════════════
Done.


╔══════════════════════════════════════════════════════════════╗
║        alloemmanuals.com — Daily Metrics Report             ║
╚══════════════════════════════════════════════════════════════╝

  Date: 2026-05-28
  Domain age: ~5 days (launched ~2026-05-07)

=== GA4 OVERVIEW ===

  Total sessions:      23,465 (+5.1%)
  Organic sessions:    75 (+36.4%)
  Active users:        22,945
  New users:           23,150
  Page views:          90
  Avg engagement:      3s
  Bounce rate:         100.0%

=== CHANNELS ===

  Direct               23,337 sessions
  Unassigned              119 sessions
  Organic Search           77 sessions
  Referral                  3 sessions

=== TOP PAGES ===

   17 views  /wiring
    4 views  /repair/2018/ford/focus
    4 views  /guides/ford/focus
    4 views  /diagnose
    4 views  /wiring
    3 views  /repair/2003/saab/9-5/engine-air-filter-replacement
    3 views  /codes
    2 views  /maintenance/2003/saab/9-5-(9600)-v6-3.0l-turbo-(b308)
    2 views  /repair/2018/ford/focus/coolant-flush
    2 views  /tools/best-topdon-scanner

=== TOP EVENTS ===

  session_start             23,175
  first_visit               23,150
  scroll                    23,106
  time_on_page               164
  scroll_depth               107
  page_view                   90
  time_on_page_exit           88
  page_view_custom            36
  view_search_results         32
  track_impression            23
  user_engagement             23
  wiring_diagram_search       19
  entry_route_click           13
  vehicle_hub_enter           11
  wiring_diagram_open         11

=== TOP COUNTRIES ===

  Vietnam            4,370 users
  Singapore          3,505 users
  Indonesia          2,101 users
  United States      2,092 users
  Hong Kong          1,931 users
  India              1,132 users
  Japan              990 users
  Brazil             802 users
  Germany            766 users
  Philippines        696 users

=== GSC SEARCH PERFORMANCE ===

  No GSC data yet (common for new domains).


=== TOP QUERIES (GSC) ===

  No query data yet.


=== TOP PAGES (GSC) ===

  No page data yet.


✅ Saved to /home/lyndon/projects/spotonauto.com/scripts/seo-reports/daily-metrics-master.csv
✅ Saved to /home/lyndon/projects/spotonauto.com/scripts/seo-reports/daily-metrics-2026-05-28.json

══════════════════════════════════════════════════════════════
Done.


╔══════════════════════════════════════════════════════════════╗
║        alloemmanuals.com — Daily Metrics Report             ║
╚══════════════════════════════════════════════════════════════╝

  Date: 2026-05-29
  Domain age: ~5 days (launched ~2026-05-07)

=== GA4 OVERVIEW ===

  Total sessions:      4 (-100.0%)
  Organic sessions:    0 (-100.0%)
  Active users:        4
  New users:           4
  Page views:          0
  Avg engagement:      0s
  Bounce rate:         100.0%

=== CHANNELS ===

  Direct                    4 sessions

=== TOP PAGES ===

  No page data.


=== TOP EVENTS ===

  first_visit                  4
  scroll                       4
  session_start                4

=== TOP COUNTRIES ===

  Singapore            2 users
  Brazil               1 users
  India                1 users

=== GSC SEARCH PERFORMANCE ===

  No GSC data yet (common for new domains).


=== TOP QUERIES (GSC) ===

  No query data yet.


=== TOP PAGES (GSC) ===

  No page data yet.


✅ Saved to /home/lyndon/projects/spotonauto.com/scripts/seo-reports/daily-metrics-master.csv
✅ Saved to /home/lyndon/projects/spotonauto.com/scripts/seo-reports/daily-metrics-2026-05-29.json

══════════════════════════════════════════════════════════════
Done.


╔══════════════════════════════════════════════════════════════╗
║        alloemmanuals.com — Daily Metrics Report             ║
╚══════════════════════════════════════════════════════════════╝

  Date: 2026-05-30
  Domain age: ~5 days (launched ~2026-05-07)

=== GA4 OVERVIEW ===

  Total sessions:      8,271 (+206675.0%)
  Organic sessions:    53
  Active users:        8,353
  New users:           8,309
  Page views:          99
  Avg engagement:      3s
  Bounce rate:         100.0%

=== CHANNELS ===

  Direct                8,191 sessions
  Unassigned               64 sessions
  Organic Search           54 sessions
  Referral                  7 sessions
  Cross-network             1 sessions

=== TOP PAGES ===

   19 views  /wiring
    6 views  /diagnose
    4 views  /repair
    3 views  /repair/2005/chrysler/pt-cruiser
    3 views  /repair/2009/honda/fit/brake-rotor-replacement
    2 views  /repair/2006/mercedes/s-class
    2 views  /repair/2007/suzuki/swift
    2 views  /repair/2008/ford/fusion/engine-air-filter-replacement
    2 views  /repair/2008/honda/civic/engine-air-filter-replacement
    2 views  /wiring/2011/bmw/335xi-coupe-awd/headlight

=== TOP EVENTS ===

  session_start             8,320
  first_visit               8,309
  scroll                    8,223
  time_on_page               149
  page_view                   99
  scroll_depth                81
  time_on_page_exit           64
  entry_route_click           44
  track_impression            34
  view_search_results         33
  wiring_diagram_interact     21
  page_view_custom            20
  vehicle_hub_enter           20
  user_engagement             18
  wiring_diagram_search       15

=== TOP COUNTRIES ===

  Singapore          6,825 users
  Vietnam            329 users
  United States      185 users
  Indonesia          152 users
  Hong Kong          148 users
  Japan               93 users
  India               89 users
  Germany             61 users
  Brazil              50 users
  Philippines         46 users

=== GSC SEARCH PERFORMANCE ===

  No GSC data yet (common for new domains).


=== TOP QUERIES (GSC) ===

  No query data yet.


=== TOP PAGES (GSC) ===

  No page data yet.


✅ Saved to /home/lyndon/projects/spotonauto.com/scripts/seo-reports/daily-metrics-master.csv
✅ Saved to /home/lyndon/projects/spotonauto.com/scripts/seo-reports/daily-metrics-2026-05-30.json

══════════════════════════════════════════════════════════════
Done.


╔══════════════════════════════════════════════════════════════╗
║        alloemmanuals.com — Daily Metrics Report             ║
╚══════════════════════════════════════════════════════════════╝

  Date: 2026-06-02
  Domain age: ~5 days (launched ~2026-05-07)

=== GA4 OVERVIEW ===

  Total sessions:      6,522 (-40.5%)
  Organic sessions:    28 (-58.2%)
  Active users:        6,450
  New users:           6,489
  Page views:          57
  Avg engagement:      3s
  Bounce rate:         100.0%

=== CHANNELS ===

  Direct                6,446 sessions
  Unassigned               45 sessions
  Organic Search           30 sessions
  Referral                  6 sessions
  Cross-network             1 sessions

=== TOP PAGES ===

    8 views  /wiring
    7 views  /diagnose
    4 views  /repair
    3 views  /repair/2000/mercedes/e-class
    3 views  /
    2 views  /repair/2004/nissan/350z
    2 views  /repair/2013/bmw/3-series
    2 views  /repair/2020/land-rover/discovery
    2 views  /repair/2024/ford/escape/tail-light-replacement
    2 views  /manual/Mazda

=== TOP EVENTS ===

  session_start             6,494
  first_visit               6,489
  scroll                    6,453
  time_on_page               103
  scroll_depth                59
  page_view                   57
  entry_route_click           41
  time_on_page_exit           25
  vehicle_hub_enter           17
  page_view_custom             7
  user_engagement              5
  knowledge_graph_impression    3
  repair_guide_open            3
  repair_page_view             3
  track_click                  3

=== TOP COUNTRIES ===

  Singapore          4,677 users
  Vietnam            411 users
  United States      210 users
  Hong Kong          169 users
  Indonesia          152 users
  Japan               98 users
  Germany             72 users
  Brazil              68 users
  India               60 users
  Bangladesh          44 users

=== GSC SEARCH PERFORMANCE ===

  No GSC data yet (common for new domains).


=== TOP QUERIES (GSC) ===

  No query data yet.


=== TOP PAGES (GSC) ===

  No page data yet.


✅ Saved to /home/lyndon/projects/spotonauto.com/scripts/seo-reports/daily-metrics-master.csv
✅ Saved to /home/lyndon/projects/spotonauto.com/scripts/seo-reports/daily-metrics-2026-06-02.json

══════════════════════════════════════════════════════════════
Done.


╔══════════════════════════════════════════════════════════════╗
║        alloemmanuals.com — Daily Metrics Report             ║
╚══════════════════════════════════════════════════════════════╝

  Date: 2026-06-03
  Domain age: ~5 days (launched ~2026-05-07)

=== GA4 OVERVIEW ===

  Total sessions:      9,002 (+17.6%)
  Organic sessions:    77 (+126.5%)
  Active users:        8,819
  New users:           8,830
  Page views:          121
  Avg engagement:      3s
  Bounce rate:         100.0%

=== CHANNELS ===

  Direct                8,903 sessions
  Unassigned               85 sessions
  Organic Search           77 sessions
  Referral                 12 sessions

=== TOP PAGES ===

   17 views  /wiring
   15 views  /diagnose
    5 views  /
    4 views  /repair/2007/volkswagen/polo
    3 views  /repair/2013/toyota/corolla/starter-replacement
    3 views  /repair
    3 views  /second-opinion
    2 views  /wiring/1998/chevrolet/lumina/ac-heater
    2 views  /repair/1998/chevrolet/lumina
    2 views  /repair/1999/toyota/land-cruiser

=== TOP EVENTS ===

  session_start             8,847
  first_visit               8,830
  scroll                    8,736
  time_on_page               213
  scroll_depth               134
  page_view                  121
  time_on_page_exit          112
  wiring_diagram_interact     32
  entry_route_click           29
  knowledge_graph_impression   26
  vehicle_hub_enter           24
  page_view_custom            20
  user_engagement             20
  search_submit               13
  track_impression            11

=== TOP COUNTRIES ===

  Singapore          6,775 users
  Vietnam            440 users
  United States      291 users
  Hong Kong          207 users
  Indonesia          182 users
  Japan              109 users
  Germany             81 users
  India               71 users
  Brazil              70 users
  Bangladesh          38 users

=== GSC SEARCH PERFORMANCE ===

  No GSC data yet (common for new domains).


=== TOP QUERIES (GSC) ===

  No query data yet.


=== TOP PAGES (GSC) ===

  No page data yet.


✅ Saved to /home/lyndon/projects/spotonauto.com/scripts/seo-reports/daily-metrics-master.csv
✅ Saved to /home/lyndon/projects/spotonauto.com/scripts/seo-reports/daily-metrics-2026-06-03.json

══════════════════════════════════════════════════════════════
Done.


╔══════════════════════════════════════════════════════════════╗
║        alloemmanuals.com — Daily Metrics Report             ║
╚══════════════════════════════════════════════════════════════╝

  Date: 2026-06-04
  Domain age: ~5 days (launched ~2026-05-07)

=== GA4 OVERVIEW ===

  Total sessions:      1,275 (-87.2%)
  Organic sessions:    83 (-8.8%)
  Active users:        1,266
  New users:           1,267
  Page views:          95
  Avg engagement:      23s
  Bounce rate:         99.9%

=== CHANNELS ===

  Direct                1,147 sessions
  Organic Search           88 sessions
  Unassigned               86 sessions
  Referral                  8 sessions
  Cross-network             1 sessions

=== TOP PAGES ===

    7 views  /wiring
    5 views  /repair/2019/lincoln/mkc
    5 views  /repair
    4 views  /repair/2019/lincoln/mkc/battery-replacement
    4 views  /repair/2019/lincoln/mkc/headlight-bulb-replacement
    4 views  /
    3 views  /repair/2023/dodge/challenger
    3 views  /diagnose
    2 views  /vehicles/2000/mazda/b2500-se-2d-pickup-standard
    2 views  /repair/2005/volkswagen/golf/engine-air-filter-replacement

=== TOP EVENTS ===

  session_start             1,276
  first_visit               1,267
  scroll                    1,160
  time_on_page               220
  page_view                   95
  scroll_depth                86
  time_on_page_exit           74
  vehicle_hub_enter           31
  page_view_custom            30
  user_engagement             25
  knowledge_graph_impression   24
  entry_route_click           20
  repair_guide_open           18
  repair_page_view            18
  track_impression            17

=== TOP COUNTRIES ===

  Singapore          234 users
  Vietnam            185 users
  United States      179 users
  Indonesia          103 users
  Hong Kong           85 users
  Japan               53 users
  Germany             38 users
  Brazil              36 users
  Iraq                26 users
  United Kingdom      19 users

=== GSC SEARCH PERFORMANCE ===

  No GSC data yet (common for new domains).


=== TOP QUERIES (GSC) ===

  No query data yet.


=== TOP PAGES (GSC) ===

  No page data yet.


✅ Saved to /home/lyndon/projects/spotonauto.com/scripts/seo-reports/daily-metrics-master.csv
✅ Saved to /home/lyndon/projects/spotonauto.com/scripts/seo-reports/daily-metrics-2026-06-04.json

══════════════════════════════════════════════════════════════
Done.


╔══════════════════════════════════════════════════════════════╗
║        alloemmanuals.com — Daily Metrics Report             ║
╚══════════════════════════════════════════════════════════════╝

  Date: 2026-06-06
  Domain age: ~5 days (launched ~2026-05-07)

=== GA4 OVERVIEW ===

  Total sessions:      266 (-67.6%)
  Organic sessions:    76 (-33.3%)
  Active users:        263
  New users:           255
  Page views:          134
  Avg engagement:      98s
  Bounce rate:         98.9%

=== CHANNELS ===

  Direct                  160 sessions
  Organic Search           79 sessions
  Unassigned               62 sessions
  Referral                  4 sessions

=== TOP PAGES ===

   14 views  /wiring
   13 views  /diagnose
    7 views  /
    6 views  /repair/2016/chrysler/200
    5 views  /wiring
    5 views  /wiring
    4 views  /repair
    3 views  /repair/2020/bmw/x7
    3 views  /manual
    3 views  /manual/Ford

=== TOP EVENTS ===

  session_start              263
  first_visit                260
  scroll                     172
  time_on_page               162
  page_view                  134
  scroll_depth                93
  time_on_page_exit           60
  entry_route_click           37
  page_view_custom            34
  vehicle_hub_enter           23
  track_impression            22
  wiring_diagram_interact     20
  user_engagement             17
  repair_guide_open           16
  repair_page_view            16

=== TOP COUNTRIES ===

  Singapore          117 users
  United States       64 users
  Canada               9 users
  United Kingdom       7 users
  Hong Kong            5 users
  Brazil               3 users
  India                3 users
  Indonesia            3 users
  Mexico               3 users
  China                2 users

=== GSC SEARCH PERFORMANCE ===

  No GSC data yet (common for new domains).


=== TOP QUERIES (GSC) ===

  No query data yet.


=== TOP PAGES (GSC) ===

  No page data yet.


✅ Saved to /home/lyndon/projects/spotonauto.com/scripts/seo-reports/daily-metrics-master.csv
✅ Saved to /home/lyndon/projects/spotonauto.com/scripts/seo-reports/daily-metrics-2026-06-06.json

══════════════════════════════════════════════════════════════
Done.


╔══════════════════════════════════════════════════════════════╗
║        alloemmanuals.com — Daily Metrics Report             ║
╚══════════════════════════════════════════════════════════════╝

  Date: 2026-06-07
  Domain age: ~5 days (launched ~2026-05-07)

=== GA4 OVERVIEW ===

  Total sessions:      334 (+14.8%)
  Organic sessions:    62 (-26.2%)
  Active users:        328
  New users:           324
  Page views:          103
  Avg engagement:      66s
  Bounce rate:         98.2%

=== CHANNELS ===

  Direct                  241 sessions
  Organic Search           66 sessions
  Unassigned               56 sessions
  Referral                  5 sessions

=== TOP PAGES ===

    9 views  /diagnose
    8 views  /wiring
    5 views  /
    5 views  /
    4 views  /repair/2015/mercedes/ml-class
    3 views  /repair/2007/volkswagen/golf
    3 views  /repair
    3 views  /guides
    3 views  /repair/2026/hyundai/sonata
    2 views  /repair/2008/toyota/corolla

=== TOP EVENTS ===

  session_start              333
  first_visit                327
  scroll                     248
  time_on_page               140
  page_view                  103
  scroll_depth                89
  time_on_page_exit           50
  page_view_custom            36
  entry_route_click           27
  vehicle_hub_enter           25
  wiring_diagram_interact     21
  user_engagement             20
  track_impression            13
  wiring_diagram_search       13
  knowledge_graph_impression   12

=== TOP COUNTRIES ===

  Singapore          144 users
  United States       60 users
  Brazil              10 users
  Indonesia            7 users
  Germany              6 users
  Hong Kong            6 users
  Japan                6 users
  Vietnam              6 users
  Canada               5 users
  Iraq                 5 users

=== GSC SEARCH PERFORMANCE ===

  No GSC data yet (common for new domains).


=== TOP QUERIES (GSC) ===

  No query data yet.


=== TOP PAGES (GSC) ===

  No page data yet.


✅ Saved to /home/lyndon/projects/spotonauto.com/scripts/seo-reports/daily-metrics-master.csv
✅ Saved to /home/lyndon/projects/spotonauto.com/scripts/seo-reports/daily-metrics-2026-06-07.json

══════════════════════════════════════════════════════════════
Done.


╔══════════════════════════════════════════════════════════════╗
║        alloemmanuals.com — Daily Metrics Report             ║
╚══════════════════════════════════════════════════════════════╝

  Date: 2026-06-09
  Domain age: ~5 days (launched ~2026-05-07)

=== GA4 OVERVIEW ===

  Total sessions:      456 (+34.5%)
  Organic sessions:    74 (-30.2%)
  Active users:        447
  New users:           431
  Page views:          75
  Avg engagement:      179s
  Bounce rate:         99.8%

=== CHANNELS ===

  Direct                  344 sessions
  Organic Search           76 sessions
  Unassigned               69 sessions
  Referral                  9 sessions

=== TOP PAGES ===

    7 views  /wiring
    3 views  /repair/2022/jeep/renegade
    2 views  /repair/1989/toyota/mr2
    2 views  /repair/2006/toyota/sienna
    2 views  /wiring/2009/toyota/corolla/abs
    2 views  /repair/2012/mercedes/e-class
    2 views  /repair/2014/kia/forte/brake-pad-replacement
    2 views  /repair/2018/audi/a3
    2 views  /repair/2024/bmw/3-series/brake-pad-replacement
    2 views  /

=== TOP EVENTS ===

  session_start              441
  first_visit                433
  scroll                     343
  time_on_page               154
  scroll_depth                79
  time_on_page_exit           79
  page_view                   75
  page_view_custom            30
  knowledge_graph_impression   28
  user_engagement             17
  vehicle_hub_enter           16
  wiring_diagram_interact     13
  entry_route_click           11
  wiring_diagram_search       11
  wiring_diagram_open         10

=== TOP COUNTRIES ===

  Singapore          139 users
  United States       94 users
  Hong Kong           21 users
  Vietnam             15 users
  Brazil              14 users
  Indonesia           14 users
  Japan               13 users
  Canada               9 users
  Bangladesh           8 users
  India                8 users

=== GSC SEARCH PERFORMANCE ===

  No GSC data yet (common for new domains).


=== TOP QUERIES (GSC) ===

  No query data yet.


=== TOP PAGES (GSC) ===

  No page data yet.


✅ Saved to /home/lyndon/projects/spotonauto.com/scripts/seo-reports/daily-metrics-master.csv
✅ Saved to /home/lyndon/projects/spotonauto.com/scripts/seo-reports/daily-metrics-2026-06-09.json

══════════════════════════════════════════════════════════════
Done.

