╔══════════════════════════════════════════════════════════════╗
║       SpotOn Auto - Google Indexing API Repair Tool          ║
║                  (With Progress Tracking)                    ║
╚══════════════════════════════════════════════════════════════╝

✓ Google Indexing API initialized
  Service account: spoton@gen-lang-client-0367085621.iam.gserviceaccount.com

━━━━━━━━━━━━━━━━━━━━━━━━━━━━━━━━━━━━━━━━━━━━━━━━━━━━━━━━━━━━━━━━
                         PROGRESS
━━━━━━━━━━━━━━━━━━━━━━━━━━━━━━━━━━━━━━━━━━━━━━━━━━━━━━━━━━━━━━━━
  Invalid URL Removals:  0/10150 (0.0%)
  Valid URL Indexing:    208/14042 (1.5%)
  Last run:              2026-03-20T03:24:31.733Z
  Successful removals:   0

━━━━━━━━━━━━━━━━━━━━━━━━━━━━━━━━━━━━━━━━━━━━━━━━━━━━━━━━━━━━━━━━
              REQUESTING INDEXING OF VALID URLs
━━━━━━━━━━━━━━━━━━━━━━━━━━━━━━━━━━━━━━━━━━━━━━━━━━━━━━━━━━━━━━━━

Starting from URL #209, 13834 remaining...

.................................................. [258/14042]
.................................................. [308/14042]
.................................................. [358/14042]
.................................................. [408/14042]
......

⚠️  QUOTA EXHAUSTED after 207 requests
   Run again tomorrow to continue from URL #415


━━━━━━━━━━━━━━━━━━━━━━━━━━━━━━━━━━━━━━━━━━━━━━━━━━━━━━━━━━━━━━━━
  This run: 206 succeeded, 0 failed
  Total progress: 415/14042 URLs
╔══════════════════════════════════════════════════════════════╗
║       SpotOn Auto - Google Indexing API Repair Tool          ║
║                  (With Progress Tracking)                    ║
╚══════════════════════════════════════════════════════════════╝

✓ Google Indexing API initialized
  Service account: spoton@gen-lang-client-0367085621.iam.gserviceaccount.com

━━━━━━━━━━━━━━━━━━━━━━━━━━━━━━━━━━━━━━━━━━━━━━━━━━━━━━━━━━━━━━━━
                         PROGRESS
━━━━━━━━━━━━━━━━━━━━━━━━━━━━━━━━━━━━━━━━━━━━━━━━━━━━━━━━━━━━━━━━
  Invalid URL Removals:  0/10150 (0.0%)
  Valid URL Indexing:    416/14042 (3.0%)
  Last run:              2026-03-20T11:28:11.810Z
  Successful removals:   0

━━━━━━━━━━━━━━━━━━━━━━━━━━━━━━━━━━━━━━━━━━━━━━━━━━━━━━━━━━━━━━━━
              REQUESTING INDEXING OF VALID URLs
━━━━━━━━━━━━━━━━━━━━━━━━━━━━━━━━━━━━━━━━━━━━━━━━━━━━━━━━━━━━━━━━

Starting from URL #417, 13626 remaining...

.................................................. [466/14042]
.................................................. [516/14042]
.................................................. [566/14042]
.................................................. [616/14042]
..........

⚠️  QUOTA EXHAUSTED after 211 requests
   Run again tomorrow to continue from URL #627


━━━━━━━━━━━━━━━━━━━━━━━━━━━━━━━━━━━━━━━━━━━━━━━━━━━━━━━━━━━━━━━━
  This run: 210 succeeded, 0 failed
  Total progress: 627/14042 URLs
╔══════════════════════════════════════════════════════════════╗
║       SpotOn Auto - Google Indexing API Repair Tool          ║
║                  (With Progress Tracking)                    ║
╚══════════════════════════════════════════════════════════════╝

✓ Google Indexing API initialized
  Service account: spoton@gen-lang-client-0367085621.iam.gserviceaccount.com

━━━━━━━━━━━━━━━━━━━━━━━━━━━━━━━━━━━━━━━━━━━━━━━━━━━━━━━━━━━━━━━━
                         PROGRESS
━━━━━━━━━━━━━━━━━━━━━━━━━━━━━━━━━━━━━━━━━━━━━━━━━━━━━━━━━━━━━━━━
  Invalid URL Removals:  0/10150 (0.0%)
  Valid URL Indexing:    627/14042 (4.5%)
  Last run:              2026-03-21T11:14:08.987Z
  Successful removals:   0

━━━━━━━━━━━━━━━━━━━━━━━━━━━━━━━━━━━━━━━━━━━━━━━━━━━━━━━━━━━━━━━━
              REQUESTING INDEXING OF VALID URLs
━━━━━━━━━━━━━━━━━━━━━━━━━━━━━━━━━━━━━━━━━━━━━━━━━━━━━━━━━━━━━━━━

Starting from URL #628, 13415 remaining...

.................................................. [677/14042]
.................................................. [727/14042]
.................................................. [777/14042]
.................................................. [827/14042]
..........

⚠️  QUOTA EXHAUSTED after 211 requests
   Run again tomorrow to continue from URL #838


━━━━━━━━━━━━━━━━━━━━━━━━━━━━━━━━━━━━━━━━━━━━━━━━━━━━━━━━━━━━━━━━
  This run: 210 succeeded, 0 failed
  Total progress: 838/14042 URLs
╔══════════════════════════════════════════════════════════════╗
║       SpotOn Auto - Google Indexing API Repair Tool          ║
║                  (With Progress Tracking)                    ║
╚══════════════════════════════════════════════════════════════╝

✓ Google Indexing API initialized
  Service account: spoton@gen-lang-client-0367085621.iam.gserviceaccount.com

━━━━━━━━━━━━━━━━━━━━━━━━━━━━━━━━━━━━━━━━━━━━━━━━━━━━━━━━━━━━━━━━
                         PROGRESS
━━━━━━━━━━━━━━━━━━━━━━━━━━━━━━━━━━━━━━━━━━━━━━━━━━━━━━━━━━━━━━━━
  Invalid URL Removals:  0/10150 (0.0%)
  Valid URL Indexing:    838/14042 (6.0%)
  Last run:              2026-03-22T11:14:01.023Z
  Successful removals:   0

━━━━━━━━━━━━━━━━━━━━━━━━━━━━━━━━━━━━━━━━━━━━━━━━━━━━━━━━━━━━━━━━
              REQUESTING INDEXING OF VALID URLs
━━━━━━━━━━━━━━━━━━━━━━━━━━━━━━━━━━━━━━━━━━━━━━━━━━━━━━━━━━━━━━━━

Starting from URL #839, 13204 remaining...

.................................................. [888/14042]
.................................................. [938/14042]
.................................................. [988/14042]
.................................................. [1038/14042]
............

⚠️  QUOTA EXHAUSTED after 213 requests
   Run again tomorrow to continue from URL #1051


━━━━━━━━━━━━━━━━━━━━━━━━━━━━━━━━━━━━━━━━━━━━━━━━━━━━━━━━━━━━━━━━
  This run: 212 succeeded, 0 failed
  Total progress: 1051/14042 URLs
╔══════════════════════════════════════════════════════════════╗
║       SpotOn Auto - Google Indexing API Repair Tool          ║
║                  (With Progress Tracking)                    ║
╚══════════════════════════════════════════════════════════════╝

✓ Google Indexing API initialized
  Service account: spoton@gen-lang-client-0367085621.iam.gserviceaccount.com

━━━━━━━━━━━━━━━━━━━━━━━━━━━━━━━━━━━━━━━━━━━━━━━━━━━━━━━━━━━━━━━━
                         PROGRESS
━━━━━━━━━━━━━━━━━━━━━━━━━━━━━━━━━━━━━━━━━━━━━━━━━━━━━━━━━━━━━━━━
  Invalid URL Removals:  0/10150 (0.0%)
  Valid URL Indexing:    1051/14042 (7.5%)
  Last run:              2026-03-23T11:14:09.314Z
  Successful removals:   0

━━━━━━━━━━━━━━━━━━━━━━━━━━━━━━━━━━━━━━━━━━━━━━━━━━━━━━━━━━━━━━━━
              REQUESTING INDEXING OF VALID URLs
━━━━━━━━━━━━━━━━━━━━━━━━━━━━━━━━━━━━━━━━━━━━━━━━━━━━━━━━━━━━━━━━

Starting from URL #1052, 12991 remaining...

.................................................. [1101/14042]
.................................................. [1151/14042]
.................................................. [1201/14042]
.................................................. [1251/14042]
.......

⚠️  QUOTA EXHAUSTED after 208 requests
   Run again tomorrow to continue from URL #1259


━━━━━━━━━━━━━━━━━━━━━━━━━━━━━━━━━━━━━━━━━━━━━━━━━━━━━━━━━━━━━━━━
  This run: 207 succeeded, 0 failed
  Total progress: 1259/14042 URLs
╔══════════════════════════════════════════════════════════════╗
║       SpotOn Auto - Google Indexing API Repair Tool          ║
║                  (With Progress Tracking)                    ║
╚══════════════════════════════════════════════════════════════╝

✓ Google Indexing API initialized
  Service account: spoton@gen-lang-client-0367085621.iam.gserviceaccount.com

━━━━━━━━━━━━━━━━━━━━━━━━━━━━━━━━━━━━━━━━━━━━━━━━━━━━━━━━━━━━━━━━
                         PROGRESS
━━━━━━━━━━━━━━━━━━━━━━━━━━━━━━━━━━━━━━━━━━━━━━━━━━━━━━━━━━━━━━━━
  Invalid URL Removals:  0/10150 (0.0%)
  Valid URL Indexing:    6683/14042 (47.6%)
  Last run:              2026-04-22T11:13:59.018Z
  Successful removals:   0

━━━━━━━━━━━━━━━━━━━━━━━━━━━━━━━━━━━━━━━━━━━━━━━━━━━━━━━━━━━━━━━━
              REQUESTING INDEXING OF VALID URLs
━━━━━━━━━━━━━━━━━━━━━━━━━━━━━━━━━━━━━━━━━━━━━━━━━━━━━━━━━━━━━━━━

Starting from URL #6684, 7359 remaining...

.................................................. [6733/14042]
.................................................. [6783/14042]
.................................................. [6833/14042]
.................................................. [6883/14042]
..........

⚠️  QUOTA EXHAUSTED after 211 requests
   Run again tomorrow to continue from URL #6894


━━━━━━━━━━━━━━━━━━━━━━━━━━━━━━━━━━━━━━━━━━━━━━━━━━━━━━━━━━━━━━━━
  This run: 210 succeeded, 0 failed
  Total progress: 6894/14042 URLs
╔══════════════════════════════════════════════════════════════╗
║       SpotOn Auto - Google Indexing API Repair Tool          ║
║                  (With Progress Tracking)                    ║
╚══════════════════════════════════════════════════════════════╝

✓ Google Indexing API initialized
  Service account: spoton@gen-lang-client-0367085621.iam.gserviceaccount.com

━━━━━━━━━━━━━━━━━━━━━━━━━━━━━━━━━━━━━━━━━━━━━━━━━━━━━━━━━━━━━━━━
                         PROGRESS
━━━━━━━━━━━━━━━━━━━━━━━━━━━━━━━━━━━━━━━━━━━━━━━━━━━━━━━━━━━━━━━━
  Invalid URL Removals:  0/10150 (0.0%)
  Valid URL Indexing:    6894/14042 (49.1%)
  Last run:              2026-04-23T11:14:04.522Z
  Successful removals:   0

━━━━━━━━━━━━━━━━━━━━━━━━━━━━━━━━━━━━━━━━━━━━━━━━━━━━━━━━━━━━━━━━
              REQUESTING INDEXING OF VALID URLs
━━━━━━━━━━━━━━━━━━━━━━━━━━━━━━━━━━━━━━━━━━━━━━━━━━━━━━━━━━━━━━━━

Starting from URL #6895, 7148 remaining...

.................................................. [6944/14042]
.................................................. [6994/14042]
....................................x............. [7044/14042]
.................................................. [7094/14042]
...

⚠️  QUOTA EXHAUSTED after 204 requests
   Run again tomorrow to continue from URL #7098


━━━━━━━━━━━━━━━━━━━━━━━━━━━━━━━━━━━━━━━━━━━━━━━━━━━━━━━━━━━━━━━━
  This run: 202 succeeded, 1 failed
  Total progress: 7098/14042 URLs
╔══════════════════════════════════════════════════════════════╗
║       SpotOn Auto - Google Indexing API Repair Tool          ║
║                  (With Progress Tracking)                    ║
╚══════════════════════════════════════════════════════════════╝

✓ Google Indexing API initialized
  Service account: spoton@gen-lang-client-0367085621.iam.gserviceaccount.com

━━━━━━━━━━━━━━━━━━━━━━━━━━━━━━━━━━━━━━━━━━━━━━━━━━━━━━━━━━━━━━━━
                         PROGRESS
━━━━━━━━━━━━━━━━━━━━━━━━━━━━━━━━━━━━━━━━━━━━━━━━━━━━━━━━━━━━━━━━
  Invalid URL Removals:  0/10150 (0.0%)
  Valid URL Indexing:    7098/14042 (50.5%)
  Last run:              2026-04-25T11:14:04.181Z
  Successful removals:   0

━━━━━━━━━━━━━━━━━━━━━━━━━━━━━━━━━━━━━━━━━━━━━━━━━━━━━━━━━━━━━━━━
              REQUESTING INDEXING OF VALID URLs
━━━━━━━━━━━━━━━━━━━━━━━━━━━━━━━━━━━━━━━━━━━━━━━━━━━━━━━━━━━━━━━━

Starting from URL #7099, 6944 remaining...

.................................................. [7148/14042]
.................................................. [7198/14042]
.................................................. [7248/14042]
.................................................. [7298/14042]
..........

⚠️  QUOTA EXHAUSTED after 211 requests
   Run again tomorrow to continue from URL #7309


━━━━━━━━━━━━━━━━━━━━━━━━━━━━━━━━━━━━━━━━━━━━━━━━━━━━━━━━━━━━━━━━
  This run: 210 succeeded, 0 failed
  Total progress: 7309/14042 URLs
